{
  "stats": {
    "suites": 1,
    "tests": 2,
    "passes": 2,
    "pending": 0,
    "failures": 0,
    "start": "2023-11-06T07:21:38.423Z",
    "end": "2023-11-06T07:21:39.635Z",
    "duration": 1212,
    "testsRegistered": 2,
    "passPercent": 100,
    "pendingPercent": 0,
    "other": 0,
    "hasOther": false,
    "skipped": 0,
    "hasSkipped": false
  },
  "results": [
    {
      "uuid": "15e147cf-acfd-4f98-92fd-d2ee72a03ca2",
      "title": "",
      "fullFile": "D:\\Derma\\QA\\TRY\\myskill-Live-portofolio\\test\\API\\chaiAssert.js",
      "file": "\\test\\API\\chaiAssert.js",
      "beforeHooks": [],
      "afterHooks": [],
      "tests": [],
      "suites": [
        {
          "uuid": "b4c336cb-bf74-407f-b610-3100c26d01d0",
          "title": "post request example",
          "fullFile": "D:\\Derma\\QA\\TRY\\myskill-Live-portofolio\\test\\API\\chaiAssert.js",
          "file": "\\test\\API\\chaiAssert.js",
          "beforeHooks": [],
          "afterHooks": [],
          "tests": [
            {
              "title": "response status equal to 200",
              "fullTitle": "post request example response status equal to 200",
              "timedOut": false,
              "duration": 1194,
              "state": "passed",
              "speed": "slow",
              "pass": true,
              "fail": false,
              "pending": false,
              "context": null,
              "code": "//check response status  sama dengan 200\nexpect((await response).status).to.equal(200)",
              "err": {},
              "uuid": "93a736b8-0086-4f6d-9351-89ec661ad17a",
              "parentUUID": "b4c336cb-bf74-407f-b610-3100c26d01d0",
              "isHook": false,
              "skipped": false
            },
            {
              "title": "response body to haveOwnProperty",
              "fullTitle": "post request example response body to haveOwnProperty",
              "timedOut": false,
              "duration": 2,
              "state": "passed",
              "speed": "fast",
              "pass": true,
              "fail": false,
              "pending": false,
              "context": null,
              "code": "// expect dalam body value terdapat value 'message'\nexpect((await response).body).to.haveOwnProperty('message')",
              "err": {},
              "uuid": "cac39d78-bc49-451a-850a-640586df8b74",
              "parentUUID": "b4c336cb-bf74-407f-b610-3100c26d01d0",
              "isHook": false,
              "skipped": false
            }
          ],
          "suites": [],
          "passes": [
            "93a736b8-0086-4f6d-9351-89ec661ad17a",
            "cac39d78-bc49-451a-850a-640586df8b74"
          ],
          "failures": [],
          "pending": [],
          "skipped": [],
          "duration": 1196,
          "root": false,
          "rootEmpty": false,
          "_timeout": 2000
        }
      ],
      "passes": [],
      "failures": [],
      "pending": [],
      "skipped": [],
      "duration": 0,
      "root": true,
      "rootEmpty": true,
      "_timeout": 2000
    }
  ],
  "meta": {
    "mocha": {
      "version": "10.2.0"
    },
    "mochawesome": {
      "options": {
        "quiet": false,
        "reportFilename": "mochawesome",
        "saveHtml": true,
        "saveJson": true,
        "consoleReporter": "spec",
        "useInlineDiffs": false,
        "code": true
      },
      "version": "7.1.3"
    },
    "marge": {
      "options": null,
      "version": "6.2.0"
    }
  }
}